Electric Version 9.07
--------------- 0 --------------
  Thu Dec 28 15:49:50 ART 2023
Menu Activated: File | Open Library...
--------------- 1 --------------
  Thu Dec 28 15:54:06 ART 2023
Menu Activated: Cell | New Cell...
--------------- 2 --------------
  Thu Dec 28 15:54:16 ART 2023
ProcessKeyBinding 401 when=1703789656097 modifiers=80 code=11 char=ffff false false
--------------- 3 --------------
  Thu Dec 28 15:54:16 ART 2023
ProcessKeyBinding 402 when=1703789656504 modifiers=0 code=11 char=ffff false false
--------------- 4 --------------
  Thu Dec 28 15:54:16 ART 2023
ProcessKeyBinding 401 when=1703789656691 modifiers=80 code=11 char=ffff false false
--------------- 5 --------------
  Thu Dec 28 15:54:16 ART 2023
Menu Activated: File | Save All Libraries
--------------- 6 --------------
  Thu Dec 28 15:54:16 ART 2023
ProcessKeyBinding 400 when=1703789656847 modifiers=80 code=0 char=13 false false
--------------- 7 --------------
  Thu Dec 28 15:54:16 ART 2023
ProcessKeyBinding 402 when=1703789656910 modifiers=0 code=11 char=ffff false false
--------------- 8 --------------
  Thu Dec 28 16:02:03 ART 2023
ProcessKeyBinding 401 when=1703790123488 modifiers=200 code=12 char=ffff false false
--------------- 9 --------------
  Thu Dec 28 16:02:03 ART 2023
ProcessKeyBinding 402 when=1703790123582 modifiers=0 code=12 char=ffff false false
--------------- 10 --------------
  Thu Dec 28 16:04:46 ART 2023
Menu Activated: Edit | Move | Move Objects Down
Currently highlighted: 
    Parameter 'DCVoltage' on node spiceparts:Pulse{ic}['Pulse@0']
    Parameter 'DelayTime' on node spiceparts:Pulse{ic}['Pulse@0']
    Parameter 'FallTime' on node spiceparts:Pulse{ic}['Pulse@0']
    Parameter 'InitialVoltage' on node spiceparts:Pulse{ic}['Pulse@0']
    Parameter 'Period' on node spiceparts:Pulse{ic}['Pulse@0']
    Parameter 'PulseVoltage' on node spiceparts:Pulse{ic}['Pulse@0']
    Parameter 'PulseWidth' on node spiceparts:Pulse{ic}['Pulse@0']
    Parameter 'RiseTime' on node spiceparts:Pulse{ic}['Pulse@0']
    com.sun.electric.tool.user.HighlightEOBJ in cell 'simulacion_completa{sch}': Ground['gnd@0']
    com.sun.electric.tool.user.HighlightEOBJ in cell 'simulacion_completa{sch}': spiceparts:Pulse{ic}['Pulse@0']
    com.sun.electric.tool.user.HighlightEOBJ in cell 'simulacion_completa{sch}': wire['net@0']
--------------- 11 --------------
  Thu Dec 28 16:04:46 ART 2023
Menu Activated: Edit | Move | Move Objects Down
Currently highlighted: 
    Parameter 'DCVoltage' on node spiceparts:Pulse{ic}['Pulse@0']
    Parameter 'DelayTime' on node spiceparts:Pulse{ic}['Pulse@0']
    Parameter 'FallTime' on node spiceparts:Pulse{ic}['Pulse@0']
    Parameter 'InitialVoltage' on node spiceparts:Pulse{ic}['Pulse@0']
    Parameter 'Period' on node spiceparts:Pulse{ic}['Pulse@0']
    Parameter 'PulseVoltage' on node spiceparts:Pulse{ic}['Pulse@0']
    Parameter 'PulseWidth' on node spiceparts:Pulse{ic}['Pulse@0']
    Parameter 'RiseTime' on node spiceparts:Pulse{ic}['Pulse@0']
    com.sun.electric.tool.user.HighlightEOBJ in cell 'simulacion_completa{sch}': Ground['gnd@0']
    com.sun.electric.tool.user.HighlightEOBJ in cell 'simulacion_completa{sch}': spiceparts:Pulse{ic}['Pulse@0']
    com.sun.electric.tool.user.HighlightEOBJ in cell 'simulacion_completa{sch}': wire['net@0']
--------------- 12 --------------
  Thu Dec 28 16:04:46 ART 2023
Menu Activated: Edit | Move | Move Objects Down
Currently highlighted: 
    Parameter 'DCVoltage' on node spiceparts:Pulse{ic}['Pulse@0']
    Parameter 'DelayTime' on node spiceparts:Pulse{ic}['Pulse@0']
    Parameter 'FallTime' on node spiceparts:Pulse{ic}['Pulse@0']
    Parameter 'InitialVoltage' on node spiceparts:Pulse{ic}['Pulse@0']
    Parameter 'Period' on node spiceparts:Pulse{ic}['Pulse@0']
    Parameter 'PulseVoltage' on node spiceparts:Pulse{ic}['Pulse@0']
    Parameter 'PulseWidth' on node spiceparts:Pulse{ic}['Pulse@0']
    Parameter 'RiseTime' on node spiceparts:Pulse{ic}['Pulse@0']
    com.sun.electric.tool.user.HighlightEOBJ in cell 'simulacion_completa{sch}': Ground['gnd@0']
    com.sun.electric.tool.user.HighlightEOBJ in cell 'simulacion_completa{sch}': spiceparts:Pulse{ic}['Pulse@0']
    com.sun.electric.tool.user.HighlightEOBJ in cell 'simulacion_completa{sch}': wire['net@0']
--------------- 13 --------------
  Thu Dec 28 16:04:46 ART 2023
Menu Activated: Edit | Move | Move Objects Down
Currently highlighted: 
    Parameter 'DCVoltage' on node spiceparts:Pulse{ic}['Pulse@0']
    Parameter 'DelayTime' on node spiceparts:Pulse{ic}['Pulse@0']
    Parameter 'FallTime' on node spiceparts:Pulse{ic}['Pulse@0']
    Parameter 'InitialVoltage' on node spiceparts:Pulse{ic}['Pulse@0']
    Parameter 'Period' on node spiceparts:Pulse{ic}['Pulse@0']
    Parameter 'PulseVoltage' on node spiceparts:Pulse{ic}['Pulse@0']
    Parameter 'PulseWidth' on node spiceparts:Pulse{ic}['Pulse@0']
    Parameter 'RiseTime' on node spiceparts:Pulse{ic}['Pulse@0']
    com.sun.electric.tool.user.HighlightEOBJ in cell 'simulacion_completa{sch}': Ground['gnd@0']
    com.sun.electric.tool.user.HighlightEOBJ in cell 'simulacion_completa{sch}': spiceparts:Pulse{ic}['Pulse@0']
    com.sun.electric.tool.user.HighlightEOBJ in cell 'simulacion_completa{sch}': wire['net@0']
--------------- 14 --------------
  Thu Dec 28 16:04:46 ART 2023
Menu Activated: Edit | Move | Move Objects Down
Currently highlighted: 
    Parameter 'DCVoltage' on node spiceparts:Pulse{ic}['Pulse@0']
    Parameter 'DelayTime' on node spiceparts:Pulse{ic}['Pulse@0']
    Parameter 'FallTime' on node spiceparts:Pulse{ic}['Pulse@0']
    Parameter 'InitialVoltage' on node spiceparts:Pulse{ic}['Pulse@0']
    Parameter 'Period' on node spiceparts:Pulse{ic}['Pulse@0']
    Parameter 'PulseVoltage' on node spiceparts:Pulse{ic}['Pulse@0']
    Parameter 'PulseWidth' on node spiceparts:Pulse{ic}['Pulse@0']
    Parameter 'RiseTime' on node spiceparts:Pulse{ic}['Pulse@0']
    com.sun.electric.tool.user.HighlightEOBJ in cell 'simulacion_completa{sch}': Ground['gnd@0']
    com.sun.electric.tool.user.HighlightEOBJ in cell 'simulacion_completa{sch}': spiceparts:Pulse{ic}['Pulse@0']
    com.sun.electric.tool.user.HighlightEOBJ in cell 'simulacion_completa{sch}': wire['net@0']
--------------- 15 --------------
  Thu Dec 28 16:04:46 ART 2023
Menu Activated: Edit | Move | Move Objects Down
Currently highlighted: 
    Parameter 'DCVoltage' on node spiceparts:Pulse{ic}['Pulse@0']
    Parameter 'DelayTime' on node spiceparts:Pulse{ic}['Pulse@0']
    Parameter 'FallTime' on node spiceparts:Pulse{ic}['Pulse@0']
    Parameter 'InitialVoltage' on node spiceparts:Pulse{ic}['Pulse@0']
    Parameter 'Period' on node spiceparts:Pulse{ic}['Pulse@0']
    Parameter 'PulseVoltage' on node spiceparts:Pulse{ic}['Pulse@0']
    Parameter 'PulseWidth' on node spiceparts:Pulse{ic}['Pulse@0']
    Parameter 'RiseTime' on node spiceparts:Pulse{ic}['Pulse@0']
    com.sun.electric.tool.user.HighlightEOBJ in cell 'simulacion_completa{sch}': Ground['gnd@0']
    com.sun.electric.tool.user.HighlightEOBJ in cell 'simulacion_completa{sch}': spiceparts:Pulse{ic}['Pulse@0']
    com.sun.electric.tool.user.HighlightEOBJ in cell 'simulacion_completa{sch}': wire['net@0']
--------------- 16 --------------
  Thu Dec 28 16:04:47 ART 2023
Menu Activated: Edit | Move | Move Objects Down
Currently highlighted: 
    Parameter 'DCVoltage' on node spiceparts:Pulse{ic}['Pulse@0']
    Parameter 'DelayTime' on node spiceparts:Pulse{ic}['Pulse@0']
    Parameter 'FallTime' on node spiceparts:Pulse{ic}['Pulse@0']
    Parameter 'InitialVoltage' on node spiceparts:Pulse{ic}['Pulse@0']
    Parameter 'Period' on node spiceparts:Pulse{ic}['Pulse@0']
    Parameter 'PulseVoltage' on node spiceparts:Pulse{ic}['Pulse@0']
    Parameter 'PulseWidth' on node spiceparts:Pulse{ic}['Pulse@0']
    Parameter 'RiseTime' on node spiceparts:Pulse{ic}['Pulse@0']
    com.sun.electric.tool.user.HighlightEOBJ in cell 'simulacion_completa{sch}': Ground['gnd@0']
    com.sun.electric.tool.user.HighlightEOBJ in cell 'simulacion_completa{sch}': spiceparts:Pulse{ic}['Pulse@0']
    com.sun.electric.tool.user.HighlightEOBJ in cell 'simulacion_completa{sch}': wire['net@0']
--------------- 17 --------------
  Thu Dec 28 16:04:47 ART 2023
Menu Activated: Edit | Move | Move Objects Down
Currently highlighted: 
    Parameter 'DCVoltage' on node spiceparts:Pulse{ic}['Pulse@0']
    Parameter 'DelayTime' on node spiceparts:Pulse{ic}['Pulse@0']
    Parameter 'FallTime' on node spiceparts:Pulse{ic}['Pulse@0']
    Parameter 'InitialVoltage' on node spiceparts:Pulse{ic}['Pulse@0']
    Parameter 'Period' on node spiceparts:Pulse{ic}['Pulse@0']
    Parameter 'PulseVoltage' on node spiceparts:Pulse{ic}['Pulse@0']
    Parameter 'PulseWidth' on node spiceparts:Pulse{ic}['Pulse@0']
    Parameter 'RiseTime' on node spiceparts:Pulse{ic}['Pulse@0']
    com.sun.electric.tool.user.HighlightEOBJ in cell 'simulacion_completa{sch}': Ground['gnd@0']
    com.sun.electric.tool.user.HighlightEOBJ in cell 'simulacion_completa{sch}': spiceparts:Pulse{ic}['Pulse@0']
    com.sun.electric.tool.user.HighlightEOBJ in cell 'simulacion_completa{sch}': wire['net@0']
--------------- 18 --------------
  Thu Dec 28 16:04:47 ART 2023
Menu Activated: Edit | Move | Move Objects Down
Currently highlighted: 
    Parameter 'DCVoltage' on node spiceparts:Pulse{ic}['Pulse@0']
    Parameter 'DelayTime' on node spiceparts:Pulse{ic}['Pulse@0']
    Parameter 'FallTime' on node spiceparts:Pulse{ic}['Pulse@0']
    Parameter 'InitialVoltage' on node spiceparts:Pulse{ic}['Pulse@0']
    Parameter 'Period' on node spiceparts:Pulse{ic}['Pulse@0']
    Parameter 'PulseVoltage' on node spiceparts:Pulse{ic}['Pulse@0']
    Parameter 'PulseWidth' on node spiceparts:Pulse{ic}['Pulse@0']
    Parameter 'RiseTime' on node spiceparts:Pulse{ic}['Pulse@0']
    com.sun.electric.tool.user.HighlightEOBJ in cell 'simulacion_completa{sch}': Ground['gnd@0']
    com.sun.electric.tool.user.HighlightEOBJ in cell 'simulacion_completa{sch}': spiceparts:Pulse{ic}['Pulse@0']
    com.sun.electric.tool.user.HighlightEOBJ in cell 'simulacion_completa{sch}': wire['net@0']
--------------- 19 --------------
  Thu Dec 28 16:04:47 ART 2023
Menu Activated: Edit | Move | Move Objects Down
Currently highlighted: 
    Parameter 'DCVoltage' on node spiceparts:Pulse{ic}['Pulse@0']
    Parameter 'DelayTime' on node spiceparts:Pulse{ic}['Pulse@0']
    Parameter 'FallTime' on node spiceparts:Pulse{ic}['Pulse@0']
    Parameter 'InitialVoltage' on node spiceparts:Pulse{ic}['Pulse@0']
    Parameter 'Period' on node spiceparts:Pulse{ic}['Pulse@0']
    Parameter 'PulseVoltage' on node spiceparts:Pulse{ic}['Pulse@0']
    Parameter 'PulseWidth' on node spiceparts:Pulse{ic}['Pulse@0']
    Parameter 'RiseTime' on node spiceparts:Pulse{ic}['Pulse@0']
    com.sun.electric.tool.user.HighlightEOBJ in cell 'simulacion_completa{sch}': Ground['gnd@0']
    com.sun.electric.tool.user.HighlightEOBJ in cell 'simulacion_completa{sch}': spiceparts:Pulse{ic}['Pulse@0']
    com.sun.electric.tool.user.HighlightEOBJ in cell 'simulacion_completa{sch}': wire['net@0']
--------------- 20 --------------
  Thu Dec 28 16:04:47 ART 2023
Menu Activated: Edit | Move | Move Objects Down
Currently highlighted: 
    Parameter 'DCVoltage' on node spiceparts:Pulse{ic}['Pulse@0']
    Parameter 'DelayTime' on node spiceparts:Pulse{ic}['Pulse@0']
    Parameter 'FallTime' on node spiceparts:Pulse{ic}['Pulse@0']
    Parameter 'InitialVoltage' on node spiceparts:Pulse{ic}['Pulse@0']
    Parameter 'Period' on node spiceparts:Pulse{ic}['Pulse@0']
    Parameter 'PulseVoltage' on node spiceparts:Pulse{ic}['Pulse@0']
    Parameter 'PulseWidth' on node spiceparts:Pulse{ic}['Pulse@0']
    Parameter 'RiseTime' on node spiceparts:Pulse{ic}['Pulse@0']
    com.sun.electric.tool.user.HighlightEOBJ in cell 'simulacion_completa{sch}': Ground['gnd@0']
    com.sun.electric.tool.user.HighlightEOBJ in cell 'simulacion_completa{sch}': spiceparts:Pulse{ic}['Pulse@0']
    com.sun.electric.tool.user.HighlightEOBJ in cell 'simulacion_completa{sch}': wire['net@0']
--------------- 21 --------------
  Thu Dec 28 16:04:47 ART 2023
Menu Activated: Edit | Move | Move Objects Left
Currently highlighted: 
    Parameter 'DCVoltage' on node spiceparts:Pulse{ic}['Pulse@0']
    Parameter 'DelayTime' on node spiceparts:Pulse{ic}['Pulse@0']
    Parameter 'FallTime' on node spiceparts:Pulse{ic}['Pulse@0']
    Parameter 'InitialVoltage' on node spiceparts:Pulse{ic}['Pulse@0']
    Parameter 'Period' on node spiceparts:Pulse{ic}['Pulse@0']
    Parameter 'PulseVoltage' on node spiceparts:Pulse{ic}['Pulse@0']
    Parameter 'PulseWidth' on node spiceparts:Pulse{ic}['Pulse@0']
    Parameter 'RiseTime' on node spiceparts:Pulse{ic}['Pulse@0']
    com.sun.electric.tool.user.HighlightEOBJ in cell 'simulacion_completa{sch}': Ground['gnd@0']
    com.sun.electric.tool.user.HighlightEOBJ in cell 'simulacion_completa{sch}': spiceparts:Pulse{ic}['Pulse@0']
    com.sun.electric.tool.user.HighlightEOBJ in cell 'simulacion_completa{sch}': wire['net@0']
--------------- 22 --------------
  Thu Dec 28 16:04:47 ART 2023
Menu Activated: Edit | Move | Move Objects Left
Currently highlighted: 
    Parameter 'DCVoltage' on node spiceparts:Pulse{ic}['Pulse@0']
    Parameter 'DelayTime' on node spiceparts:Pulse{ic}['Pulse@0']
    Parameter 'FallTime' on node spiceparts:Pulse{ic}['Pulse@0']
    Parameter 'InitialVoltage' on node spiceparts:Pulse{ic}['Pulse@0']
    Parameter 'Period' on node spiceparts:Pulse{ic}['Pulse@0']
    Parameter 'PulseVoltage' on node spiceparts:Pulse{ic}['Pulse@0']
    Parameter 'PulseWidth' on node spiceparts:Pulse{ic}['Pulse@0']
    Parameter 'RiseTime' on node spiceparts:Pulse{ic}['Pulse@0']
    com.sun.electric.tool.user.HighlightEOBJ in cell 'simulacion_completa{sch}': Ground['gnd@0']
    com.sun.electric.tool.user.HighlightEOBJ in cell 'simulacion_completa{sch}': spiceparts:Pulse{ic}['Pulse@0']
    com.sun.electric.tool.user.HighlightEOBJ in cell 'simulacion_completa{sch}': wire['net@0']
--------------- 23 --------------
  Thu Dec 28 16:04:47 ART 2023
Menu Activated: Edit | Move | Move Objects Left
Currently highlighted: 
    Parameter 'DCVoltage' on node spiceparts:Pulse{ic}['Pulse@0']
    Parameter 'DelayTime' on node spiceparts:Pulse{ic}['Pulse@0']
    Parameter 'FallTime' on node spiceparts:Pulse{ic}['Pulse@0']
    Parameter 'InitialVoltage' on node spiceparts:Pulse{ic}['Pulse@0']
    Parameter 'Period' on node spiceparts:Pulse{ic}['Pulse@0']
    Parameter 'PulseVoltage' on node spiceparts:Pulse{ic}['Pulse@0']
    Parameter 'PulseWidth' on node spiceparts:Pulse{ic}['Pulse@0']
    Parameter 'RiseTime' on node spiceparts:Pulse{ic}['Pulse@0']
    com.sun.electric.tool.user.HighlightEOBJ in cell 'simulacion_completa{sch}': Ground['gnd@0']
    com.sun.electric.tool.user.HighlightEOBJ in cell 'simulacion_completa{sch}': spiceparts:Pulse{ic}['Pulse@0']
    com.sun.electric.tool.user.HighlightEOBJ in cell 'simulacion_completa{sch}': wire['net@0']
--------------- 24 --------------
  Thu Dec 28 16:05:36 ART 2023
Menu Activated: Edit | Erase | Selected
Currently highlighted: 
    com.sun.electric.tool.user.HighlightEOBJ in cell 'simulacion_completa{sch}': wire['net@1']
--------------- 25 --------------
  Thu Dec 28 16:05:36 ART 2023
ProcessKeyBinding 400 when=1703790336769 modifiers=0 code=0 char=7f false false
--------------- 26 --------------
  Thu Dec 28 16:05:38 ART 2023
Menu Activated: Edit | Move | Move Objects Down
Currently highlighted: 
    Parameter 'DCVoltage' on node spiceparts:Pulse{ic}['Pulse@0']
    Parameter 'DelayTime' on node spiceparts:Pulse{ic}['Pulse@0']
    Parameter 'FallTime' on node spiceparts:Pulse{ic}['Pulse@0']
    Parameter 'InitialVoltage' on node spiceparts:Pulse{ic}['Pulse@0']
    Parameter 'Period' on node spiceparts:Pulse{ic}['Pulse@0']
    Parameter 'PulseVoltage' on node spiceparts:Pulse{ic}['Pulse@0']
    Parameter 'PulseWidth' on node spiceparts:Pulse{ic}['Pulse@0']
    Parameter 'RiseTime' on node spiceparts:Pulse{ic}['Pulse@0']
    com.sun.electric.tool.user.HighlightEOBJ in cell 'simulacion_completa{sch}': Ground['gnd@0']
    com.sun.electric.tool.user.HighlightEOBJ in cell 'simulacion_completa{sch}': Wire_Pin['pin@0']
    com.sun.electric.tool.user.HighlightEOBJ in cell 'simulacion_completa{sch}': spiceparts:Pulse{ic}['Pulse@0']
    com.sun.electric.tool.user.HighlightEOBJ in cell 'simulacion_completa{sch}': wire['net@0']
    com.sun.electric.tool.user.HighlightEOBJ in cell 'simulacion_completa{sch}': wire['net@2']
--------------- 27 --------------
  Thu Dec 28 16:05:38 ART 2023
Menu Activated: Edit | Move | Move Objects Down
Currently highlighted: 
    Parameter 'DCVoltage' on node spiceparts:Pulse{ic}['Pulse@0']
    Parameter 'DelayTime' on node spiceparts:Pulse{ic}['Pulse@0']
    Parameter 'FallTime' on node spiceparts:Pulse{ic}['Pulse@0']
    Parameter 'InitialVoltage' on node spiceparts:Pulse{ic}['Pulse@0']
    Parameter 'Period' on node spiceparts:Pulse{ic}['Pulse@0']
    Parameter 'PulseVoltage' on node spiceparts:Pulse{ic}['Pulse@0']
    Parameter 'PulseWidth' on node spiceparts:Pulse{ic}['Pulse@0']
    Parameter 'RiseTime' on node spiceparts:Pulse{ic}['Pulse@0']
    com.sun.electric.tool.user.HighlightEOBJ in cell 'simulacion_completa{sch}': Ground['gnd@0']
    com.sun.electric.tool.user.HighlightEOBJ in cell 'simulacion_completa{sch}': Wire_Pin['pin@0']
    com.sun.electric.tool.user.HighlightEOBJ in cell 'simulacion_completa{sch}': spiceparts:Pulse{ic}['Pulse@0']
    com.sun.electric.tool.user.HighlightEOBJ in cell 'simulacion_completa{sch}': wire['net@0']
    com.sun.electric.tool.user.HighlightEOBJ in cell 'simulacion_completa{sch}': wire['net@2']
--------------- 28 --------------
  Thu Dec 28 16:05:38 ART 2023
Menu Activated: Edit | Move | Move Objects Down
Currently highlighted: 
    Parameter 'DCVoltage' on node spiceparts:Pulse{ic}['Pulse@0']
    Parameter 'DelayTime' on node spiceparts:Pulse{ic}['Pulse@0']
    Parameter 'FallTime' on node spiceparts:Pulse{ic}['Pulse@0']
    Parameter 'InitialVoltage' on node spiceparts:Pulse{ic}['Pulse@0']
    Parameter 'Period' on node spiceparts:Pulse{ic}['Pulse@0']
    Parameter 'PulseVoltage' on node spiceparts:Pulse{ic}['Pulse@0']
    Parameter 'PulseWidth' on node spiceparts:Pulse{ic}['Pulse@0']
    Parameter 'RiseTime' on node spiceparts:Pulse{ic}['Pulse@0']
    com.sun.electric.tool.user.HighlightEOBJ in cell 'simulacion_completa{sch}': Ground['gnd@0']
    com.sun.electric.tool.user.HighlightEOBJ in cell 'simulacion_completa{sch}': Wire_Pin['pin@0']
    com.sun.electric.tool.user.HighlightEOBJ in cell 'simulacion_completa{sch}': spiceparts:Pulse{ic}['Pulse@0']
    com.sun.electric.tool.user.HighlightEOBJ in cell 'simulacion_completa{sch}': wire['net@0']
    com.sun.electric.tool.user.HighlightEOBJ in cell 'simulacion_completa{sch}': wire['net@2']
--------------- 29 --------------
  Thu Dec 28 16:05:38 ART 2023
Menu Activated: Edit | Move | Move Objects Down
Currently highlighted: 
    Parameter 'DCVoltage' on node spiceparts:Pulse{ic}['Pulse@0']
    Parameter 'DelayTime' on node spiceparts:Pulse{ic}['Pulse@0']
    Parameter 'FallTime' on node spiceparts:Pulse{ic}['Pulse@0']
    Parameter 'InitialVoltage' on node spiceparts:Pulse{ic}['Pulse@0']
    Parameter 'Period' on node spiceparts:Pulse{ic}['Pulse@0']
    Parameter 'PulseVoltage' on node spiceparts:Pulse{ic}['Pulse@0']
    Parameter 'PulseWidth' on node spiceparts:Pulse{ic}['Pulse@0']
    Parameter 'RiseTime' on node spiceparts:Pulse{ic}['Pulse@0']
    com.sun.electric.tool.user.HighlightEOBJ in cell 'simulacion_completa{sch}': Ground['gnd@0']
    com.sun.electric.tool.user.HighlightEOBJ in cell 'simulacion_completa{sch}': Wire_Pin['pin@0']
    com.sun.electric.tool.user.HighlightEOBJ in cell 'simulacion_completa{sch}': spiceparts:Pulse{ic}['Pulse@0']
    com.sun.electric.tool.user.HighlightEOBJ in cell 'simulacion_completa{sch}': wire['net@0']
    com.sun.electric.tool.user.HighlightEOBJ in cell 'simulacion_completa{sch}': wire['net@2']
--------------- 30 --------------
  Thu Dec 28 16:05:38 ART 2023
Menu Activated: Edit | Move | Move Objects Down
Currently highlighted: 
    Parameter 'DCVoltage' on node spiceparts:Pulse{ic}['Pulse@0']
    Parameter 'DelayTime' on node spiceparts:Pulse{ic}['Pulse@0']
    Parameter 'FallTime' on node spiceparts:Pulse{ic}['Pulse@0']
    Parameter 'InitialVoltage' on node spiceparts:Pulse{ic}['Pulse@0']
    Parameter 'Period' on node spiceparts:Pulse{ic}['Pulse@0']
    Parameter 'PulseVoltage' on node spiceparts:Pulse{ic}['Pulse@0']
    Parameter 'PulseWidth' on node spiceparts:Pulse{ic}['Pulse@0']
    Parameter 'RiseTime' on node spiceparts:Pulse{ic}['Pulse@0']
    com.sun.electric.tool.user.HighlightEOBJ in cell 'simulacion_completa{sch}': Ground['gnd@0']
    com.sun.electric.tool.user.HighlightEOBJ in cell 'simulacion_completa{sch}': Wire_Pin['pin@0']
    com.sun.electric.tool.user.HighlightEOBJ in cell 'simulacion_completa{sch}': spiceparts:Pulse{ic}['Pulse@0']
    com.sun.electric.tool.user.HighlightEOBJ in cell 'simulacion_completa{sch}': wire['net@0']
    com.sun.electric.tool.user.HighlightEOBJ in cell 'simulacion_completa{sch}': wire['net@2']
--------------- 31 --------------
  Thu Dec 28 16:05:38 ART 2023
Menu Activated: Edit | Move | Move Objects Down
Currently highlighted: 
    Parameter 'DCVoltage' on node spiceparts:Pulse{ic}['Pulse@0']
    Parameter 'DelayTime' on node spiceparts:Pulse{ic}['Pulse@0']
    Parameter 'FallTime' on node spiceparts:Pulse{ic}['Pulse@0']
    Parameter 'InitialVoltage' on node spiceparts:Pulse{ic}['Pulse@0']
    Parameter 'Period' on node spiceparts:Pulse{ic}['Pulse@0']
    Parameter 'PulseVoltage' on node spiceparts:Pulse{ic}['Pulse@0']
    Parameter 'PulseWidth' on node spiceparts:Pulse{ic}['Pulse@0']
    Parameter 'RiseTime' on node spiceparts:Pulse{ic}['Pulse@0']
    com.sun.electric.tool.user.HighlightEOBJ in cell 'simulacion_completa{sch}': Ground['gnd@0']
    com.sun.electric.tool.user.HighlightEOBJ in cell 'simulacion_completa{sch}': Wire_Pin['pin@0']
    com.sun.electric.tool.user.HighlightEOBJ in cell 'simulacion_completa{sch}': spiceparts:Pulse{ic}['Pulse@0']
    com.sun.electric.tool.user.HighlightEOBJ in cell 'simulacion_completa{sch}': wire['net@0']
    com.sun.electric.tool.user.HighlightEOBJ in cell 'simulacion_completa{sch}': wire['net@2']
--------------- 32 --------------
  Thu Dec 28 16:05:39 ART 2023
Menu Activated: Edit | Move | Move Objects Down
Currently highlighted: 
    Parameter 'DCVoltage' on node spiceparts:Pulse{ic}['Pulse@0']
    Parameter 'DelayTime' on node spiceparts:Pulse{ic}['Pulse@0']
    Parameter 'FallTime' on node spiceparts:Pulse{ic}['Pulse@0']
    Parameter 'InitialVoltage' on node spiceparts:Pulse{ic}['Pulse@0']
    Parameter 'Period' on node spiceparts:Pulse{ic}['Pulse@0']
    Parameter 'PulseVoltage' on node spiceparts:Pulse{ic}['Pulse@0']
    Parameter 'PulseWidth' on node spiceparts:Pulse{ic}['Pulse@0']
    Parameter 'RiseTime' on node spiceparts:Pulse{ic}['Pulse@0']
    com.sun.electric.tool.user.HighlightEOBJ in cell 'simulacion_completa{sch}': Ground['gnd@0']
    com.sun.electric.tool.user.HighlightEOBJ in cell 'simulacion_completa{sch}': Wire_Pin['pin@0']
    com.sun.electric.tool.user.HighlightEOBJ in cell 'simulacion_completa{sch}': spiceparts:Pulse{ic}['Pulse@0']
    com.sun.electric.tool.user.HighlightEOBJ in cell 'simulacion_completa{sch}': wire['net@0']
    com.sun.electric.tool.user.HighlightEOBJ in cell 'simulacion_completa{sch}': wire['net@2']
--------------- 33 --------------
  Thu Dec 28 16:05:41 ART 2023
Menu Activated: Edit | Move | Move Objects Down
Currently highlighted: 
    Parameter 'DCVoltage' on node spiceparts:Pulse{ic}['Pulse@0']
    Parameter 'DelayTime' on node spiceparts:Pulse{ic}['Pulse@0']
    Parameter 'FallTime' on node spiceparts:Pulse{ic}['Pulse@0']
    Parameter 'InitialVoltage' on node spiceparts:Pulse{ic}['Pulse@0']
    Parameter 'Period' on node spiceparts:Pulse{ic}['Pulse@0']
    Parameter 'PulseVoltage' on node spiceparts:Pulse{ic}['Pulse@0']
    Parameter 'PulseWidth' on node spiceparts:Pulse{ic}['Pulse@0']
    Parameter 'RiseTime' on node spiceparts:Pulse{ic}['Pulse@0']
    com.sun.electric.tool.user.HighlightEOBJ in cell 'simulacion_completa{sch}': Ground['gnd@0']
    com.sun.electric.tool.user.HighlightEOBJ in cell 'simulacion_completa{sch}': Wire_Pin['pin@0']
    com.sun.electric.tool.user.HighlightEOBJ in cell 'simulacion_completa{sch}': spiceparts:Pulse{ic}['Pulse@0']
    com.sun.electric.tool.user.HighlightEOBJ in cell 'simulacion_completa{sch}': wire['net@0']
    com.sun.electric.tool.user.HighlightEOBJ in cell 'simulacion_completa{sch}': wire['net@2']
--------------- 34 --------------
  Thu Dec 28 16:05:41 ART 2023
Menu Activated: Edit | Move | Move Objects Down
Currently highlighted: 
    Parameter 'DCVoltage' on node spiceparts:Pulse{ic}['Pulse@0']
    Parameter 'DelayTime' on node spiceparts:Pulse{ic}['Pulse@0']
    Parameter 'FallTime' on node spiceparts:Pulse{ic}['Pulse@0']
    Parameter 'InitialVoltage' on node spiceparts:Pulse{ic}['Pulse@0']
    Parameter 'Period' on node spiceparts:Pulse{ic}['Pulse@0']
    Parameter 'PulseVoltage' on node spiceparts:Pulse{ic}['Pulse@0']
    Parameter 'PulseWidth' on node spiceparts:Pulse{ic}['Pulse@0']
    Parameter 'RiseTime' on node spiceparts:Pulse{ic}['Pulse@0']
    com.sun.electric.tool.user.HighlightEOBJ in cell 'simulacion_completa{sch}': Ground['gnd@0']
    com.sun.electric.tool.user.HighlightEOBJ in cell 'simulacion_completa{sch}': Wire_Pin['pin@0']
    com.sun.electric.tool.user.HighlightEOBJ in cell 'simulacion_completa{sch}': spiceparts:Pulse{ic}['Pulse@0']
    com.sun.electric.tool.user.HighlightEOBJ in cell 'simulacion_completa{sch}': wire['net@0']
    com.sun.electric.tool.user.HighlightEOBJ in cell 'simulacion_completa{sch}': wire['net@2']
--------------- 35 --------------
  Thu Dec 28 16:05:41 ART 2023
ProcessKeyBinding 401 when=1703790341785 modifiers=80 code=11 char=ffff false false
--------------- 36 --------------
  Thu Dec 28 16:05:42 ART 2023
Menu Activated: Edit | Undo
Currently highlighted: 
    Parameter 'DCVoltage' on node spiceparts:Pulse{ic}['Pulse@0']
    Parameter 'DelayTime' on node spiceparts:Pulse{ic}['Pulse@0']
    Parameter 'FallTime' on node spiceparts:Pulse{ic}['Pulse@0']
    Parameter 'InitialVoltage' on node spiceparts:Pulse{ic}['Pulse@0']
    Parameter 'Period' on node spiceparts:Pulse{ic}['Pulse@0']
    Parameter 'PulseVoltage' on node spiceparts:Pulse{ic}['Pulse@0']
    Parameter 'PulseWidth' on node spiceparts:Pulse{ic}['Pulse@0']
    Parameter 'RiseTime' on node spiceparts:Pulse{ic}['Pulse@0']
    com.sun.electric.tool.user.HighlightEOBJ in cell 'simulacion_completa{sch}': Ground['gnd@0']
    com.sun.electric.tool.user.HighlightEOBJ in cell 'simulacion_completa{sch}': Wire_Pin['pin@0']
    com.sun.electric.tool.user.HighlightEOBJ in cell 'simulacion_completa{sch}': spiceparts:Pulse{ic}['Pulse@0']
    com.sun.electric.tool.user.HighlightEOBJ in cell 'simulacion_completa{sch}': wire['net@0']
    com.sun.electric.tool.user.HighlightEOBJ in cell 'simulacion_completa{sch}': wire['net@2']
--------------- 37 --------------
  Thu Dec 28 16:05:42 ART 2023
ProcessKeyBinding 400 when=1703790342050 modifiers=80 code=0 char=1a false false
--------------- 38 --------------
  Thu Dec 28 16:05:42 ART 2023
Menu Activated: Edit | Undo
Currently highlighted: 
    Parameter 'DCVoltage' on node spiceparts:Pulse{ic}['Pulse@0']
    Parameter 'DelayTime' on node spiceparts:Pulse{ic}['Pulse@0']
    Parameter 'FallTime' on node spiceparts:Pulse{ic}['Pulse@0']
    Parameter 'InitialVoltage' on node spiceparts:Pulse{ic}['Pulse@0']
    Parameter 'Period' on node spiceparts:Pulse{ic}['Pulse@0']
    Parameter 'PulseVoltage' on node spiceparts:Pulse{ic}['Pulse@0']
    Parameter 'PulseWidth' on node spiceparts:Pulse{ic}['Pulse@0']
    Parameter 'RiseTime' on node spiceparts:Pulse{ic}['Pulse@0']
    com.sun.electric.tool.user.HighlightEOBJ in cell 'simulacion_completa{sch}': Ground['gnd@0']
    com.sun.electric.tool.user.HighlightEOBJ in cell 'simulacion_completa{sch}': Wire_Pin['pin@0']
    com.sun.electric.tool.user.HighlightEOBJ in cell 'simulacion_completa{sch}': spiceparts:Pulse{ic}['Pulse@0']
    com.sun.electric.tool.user.HighlightEOBJ in cell 'simulacion_completa{sch}': wire['net@0']
    com.sun.electric.tool.user.HighlightEOBJ in cell 'simulacion_completa{sch}': wire['net@2']
--------------- 39 --------------
  Thu Dec 28 16:05:42 ART 2023
ProcessKeyBinding 400 when=1703790342472 modifiers=80 code=0 char=1a false false
--------------- 40 --------------
  Thu Dec 28 16:05:42 ART 2023
Menu Activated: Edit | Undo
Currently highlighted: 
    Parameter 'DCVoltage' on node spiceparts:Pulse{ic}['Pulse@0']
    Parameter 'DelayTime' on node spiceparts:Pulse{ic}['Pulse@0']
    Parameter 'FallTime' on node spiceparts:Pulse{ic}['Pulse@0']
    Parameter 'InitialVoltage' on node spiceparts:Pulse{ic}['Pulse@0']
    Parameter 'Period' on node spiceparts:Pulse{ic}['Pulse@0']
    Parameter 'PulseVoltage' on node spiceparts:Pulse{ic}['Pulse@0']
    Parameter 'PulseWidth' on node spiceparts:Pulse{ic}['Pulse@0']
    Parameter 'RiseTime' on node spiceparts:Pulse{ic}['Pulse@0']
    com.sun.electric.tool.user.HighlightEOBJ in cell 'simulacion_completa{sch}': Ground['gnd@0']
    com.sun.electric.tool.user.HighlightEOBJ in cell 'simulacion_completa{sch}': Wire_Pin['pin@0']
    com.sun.electric.tool.user.HighlightEOBJ in cell 'simulacion_completa{sch}': spiceparts:Pulse{ic}['Pulse@0']
    com.sun.electric.tool.user.HighlightEOBJ in cell 'simulacion_completa{sch}': wire['net@0']
    com.sun.electric.tool.user.HighlightEOBJ in cell 'simulacion_completa{sch}': wire['net@2']
--------------- 41 --------------
  Thu Dec 28 16:05:42 ART 2023
ProcessKeyBinding 400 when=1703790342675 modifiers=80 code=0 char=1a false false
--------------- 42 --------------
  Thu Dec 28 16:05:43 ART 2023
ProcessKeyBinding 402 when=1703790343097 modifiers=0 code=11 char=ffff false false
--------------- 43 --------------
  Thu Dec 28 16:05:43 ART 2023
Menu Activated: Edit | Move | Move Objects Down
Currently highlighted: 
    Parameter 'DCVoltage' on node spiceparts:Pulse{ic}['Pulse@0']
    Parameter 'DelayTime' on node spiceparts:Pulse{ic}['Pulse@0']
    Parameter 'FallTime' on node spiceparts:Pulse{ic}['Pulse@0']
    Parameter 'InitialVoltage' on node spiceparts:Pulse{ic}['Pulse@0']
    Parameter 'Period' on node spiceparts:Pulse{ic}['Pulse@0']
    Parameter 'PulseVoltage' on node spiceparts:Pulse{ic}['Pulse@0']
    Parameter 'PulseWidth' on node spiceparts:Pulse{ic}['Pulse@0']
    Parameter 'RiseTime' on node spiceparts:Pulse{ic}['Pulse@0']
    com.sun.electric.tool.user.HighlightEOBJ in cell 'simulacion_completa{sch}': Ground['gnd@0']
    com.sun.electric.tool.user.HighlightEOBJ in cell 'simulacion_completa{sch}': Wire_Pin['pin@0']
    com.sun.electric.tool.user.HighlightEOBJ in cell 'simulacion_completa{sch}': spiceparts:Pulse{ic}['Pulse@0']
    com.sun.electric.tool.user.HighlightEOBJ in cell 'simulacion_completa{sch}': wire['net@0']
    com.sun.electric.tool.user.HighlightEOBJ in cell 'simulacion_completa{sch}': wire['net@2']
--------------- 44 --------------
  Thu Dec 28 16:05:43 ART 2023
Menu Activated: Edit | Move | Move Objects Down
Currently highlighted: 
    Parameter 'DCVoltage' on node spiceparts:Pulse{ic}['Pulse@0']
    Parameter 'DelayTime' on node spiceparts:Pulse{ic}['Pulse@0']
    Parameter 'FallTime' on node spiceparts:Pulse{ic}['Pulse@0']
    Parameter 'InitialVoltage' on node spiceparts:Pulse{ic}['Pulse@0']
    Parameter 'Period' on node spiceparts:Pulse{ic}['Pulse@0']
    Parameter 'PulseVoltage' on node spiceparts:Pulse{ic}['Pulse@0']
    Parameter 'PulseWidth' on node spiceparts:Pulse{ic}['Pulse@0']
    Parameter 'RiseTime' on node spiceparts:Pulse{ic}['Pulse@0']
    com.sun.electric.tool.user.HighlightEOBJ in cell 'simulacion_completa{sch}': Ground['gnd@0']
    com.sun.electric.tool.user.HighlightEOBJ in cell 'simulacion_completa{sch}': Wire_Pin['pin@0']
    com.sun.electric.tool.user.HighlightEOBJ in cell 'simulacion_completa{sch}': spiceparts:Pulse{ic}['Pulse@0']
    com.sun.electric.tool.user.HighlightEOBJ in cell 'simulacion_completa{sch}': wire['net@0']
    com.sun.electric.tool.user.HighlightEOBJ in cell 'simulacion_completa{sch}': wire['net@2']
--------------- 45 --------------
  Thu Dec 28 16:05:43 ART 2023
Menu Activated: Edit | Move | Move Objects Down
Currently highlighted: 
    Parameter 'DCVoltage' on node spiceparts:Pulse{ic}['Pulse@0']
    Parameter 'DelayTime' on node spiceparts:Pulse{ic}['Pulse@0']
    Parameter 'FallTime' on node spiceparts:Pulse{ic}['Pulse@0']
    Parameter 'InitialVoltage' on node spiceparts:Pulse{ic}['Pulse@0']
    Parameter 'Period' on node spiceparts:Pulse{ic}['Pulse@0']
    Parameter 'PulseVoltage' on node spiceparts:Pulse{ic}['Pulse@0']
    Parameter 'PulseWidth' on node spiceparts:Pulse{ic}['Pulse@0']
    Parameter 'RiseTime' on node spiceparts:Pulse{ic}['Pulse@0']
    com.sun.electric.tool.user.HighlightEOBJ in cell 'simulacion_completa{sch}': Ground['gnd@0']
    com.sun.electric.tool.user.HighlightEOBJ in cell 'simulacion_completa{sch}': Wire_Pin['pin@0']
    com.sun.electric.tool.user.HighlightEOBJ in cell 'simulacion_completa{sch}': spiceparts:Pulse{ic}['Pulse@0']
    com.sun.electric.tool.user.HighlightEOBJ in cell 'simulacion_completa{sch}': wire['net@0']
    com.sun.electric.tool.user.HighlightEOBJ in cell 'simulacion_completa{sch}': wire['net@2']
--------------- 46 --------------
  Thu Dec 28 16:05:43 ART 2023
Menu Activated: Edit | Move | Move Objects Down
Currently highlighted: 
    Parameter 'DCVoltage' on node spiceparts:Pulse{ic}['Pulse@0']
    Parameter 'DelayTime' on node spiceparts:Pulse{ic}['Pulse@0']
    Parameter 'FallTime' on node spiceparts:Pulse{ic}['Pulse@0']
    Parameter 'InitialVoltage' on node spiceparts:Pulse{ic}['Pulse@0']
    Parameter 'Period' on node spiceparts:Pulse{ic}['Pulse@0']
    Parameter 'PulseVoltage' on node spiceparts:Pulse{ic}['Pulse@0']
    Parameter 'PulseWidth' on node spiceparts:Pulse{ic}['Pulse@0']
    Parameter 'RiseTime' on node spiceparts:Pulse{ic}['Pulse@0']
    com.sun.electric.tool.user.HighlightEOBJ in cell 'simulacion_completa{sch}': Ground['gnd@0']
    com.sun.electric.tool.user.HighlightEOBJ in cell 'simulacion_completa{sch}': Wire_Pin['pin@0']
    com.sun.electric.tool.user.HighlightEOBJ in cell 'simulacion_completa{sch}': spiceparts:Pulse{ic}['Pulse@0']
    com.sun.electric.tool.user.HighlightEOBJ in cell 'simulacion_completa{sch}': wire['net@0']
    com.sun.electric.tool.user.HighlightEOBJ in cell 'simulacion_completa{sch}': wire['net@2']
--------------- 47 --------------
  Thu Dec 28 16:05:43 ART 2023
Menu Activated: Edit | Move | Move Objects Down
Currently highlighted: 
    Parameter 'DCVoltage' on node spiceparts:Pulse{ic}['Pulse@0']
    Parameter 'DelayTime' on node spiceparts:Pulse{ic}['Pulse@0']
    Parameter 'FallTime' on node spiceparts:Pulse{ic}['Pulse@0']
    Parameter 'InitialVoltage' on node spiceparts:Pulse{ic}['Pulse@0']
    Parameter 'Period' on node spiceparts:Pulse{ic}['Pulse@0']
    Parameter 'PulseVoltage' on node spiceparts:Pulse{ic}['Pulse@0']
    Parameter 'PulseWidth' on node spiceparts:Pulse{ic}['Pulse@0']
    Parameter 'RiseTime' on node spiceparts:Pulse{ic}['Pulse@0']
    com.sun.electric.tool.user.HighlightEOBJ in cell 'simulacion_completa{sch}': Ground['gnd@0']
    com.sun.electric.tool.user.HighlightEOBJ in cell 'simulacion_completa{sch}': Wire_Pin['pin@0']
    com.sun.electric.tool.user.HighlightEOBJ in cell 'simulacion_completa{sch}': spiceparts:Pulse{ic}['Pulse@0']
    com.sun.electric.tool.user.HighlightEOBJ in cell 'simulacion_completa{sch}': wire['net@0']
    com.sun.electric.tool.user.HighlightEOBJ in cell 'simulacion_completa{sch}': wire['net@2']
--------------- 48 --------------
  Thu Dec 28 16:05:43 ART 2023
Menu Activated: Edit | Move | Move Objects Down
Currently highlighted: 
    Parameter 'DCVoltage' on node spiceparts:Pulse{ic}['Pulse@0']
    Parameter 'DelayTime' on node spiceparts:Pulse{ic}['Pulse@0']
    Parameter 'FallTime' on node spiceparts:Pulse{ic}['Pulse@0']
    Parameter 'InitialVoltage' on node spiceparts:Pulse{ic}['Pulse@0']
    Parameter 'Period' on node spiceparts:Pulse{ic}['Pulse@0']
    Parameter 'PulseVoltage' on node spiceparts:Pulse{ic}['Pulse@0']
    Parameter 'PulseWidth' on node spiceparts:Pulse{ic}['Pulse@0']
    Parameter 'RiseTime' on node spiceparts:Pulse{ic}['Pulse@0']
    com.sun.electric.tool.user.HighlightEOBJ in cell 'simulacion_completa{sch}': Ground['gnd@0']
    com.sun.electric.tool.user.HighlightEOBJ in cell 'simulacion_completa{sch}': Wire_Pin['pin@0']
    com.sun.electric.tool.user.HighlightEOBJ in cell 'simulacion_completa{sch}': spiceparts:Pulse{ic}['Pulse@0']
    com.sun.electric.tool.user.HighlightEOBJ in cell 'simulacion_completa{sch}': wire['net@0']
    com.sun.electric.tool.user.HighlightEOBJ in cell 'simulacion_completa{sch}': wire['net@2']
--------------- 49 --------------
  Thu Dec 28 16:05:44 ART 2023
Menu Activated: Edit | Move | Move Objects Down
Currently highlighted: 
    Parameter 'DCVoltage' on node spiceparts:Pulse{ic}['Pulse@0']
    Parameter 'DelayTime' on node spiceparts:Pulse{ic}['Pulse@0']
    Parameter 'FallTime' on node spiceparts:Pulse{ic}['Pulse@0']
    Parameter 'InitialVoltage' on node spiceparts:Pulse{ic}['Pulse@0']
    Parameter 'Period' on node spiceparts:Pulse{ic}['Pulse@0']
    Parameter 'PulseVoltage' on node spiceparts:Pulse{ic}['Pulse@0']
    Parameter 'PulseWidth' on node spiceparts:Pulse{ic}['Pulse@0']
    Parameter 'RiseTime' on node spiceparts:Pulse{ic}['Pulse@0']
    com.sun.electric.tool.user.HighlightEOBJ in cell 'simulacion_completa{sch}': Ground['gnd@0']
    com.sun.electric.tool.user.HighlightEOBJ in cell 'simulacion_completa{sch}': Wire_Pin['pin@0']
    com.sun.electric.tool.user.HighlightEOBJ in cell 'simulacion_completa{sch}': spiceparts:Pulse{ic}['Pulse@0']
    com.sun.electric.tool.user.HighlightEOBJ in cell 'simulacion_completa{sch}': wire['net@0']
    com.sun.electric.tool.user.HighlightEOBJ in cell 'simulacion_completa{sch}': wire['net@2']
--------------- 50 --------------
  Thu Dec 28 16:05:44 ART 2023
Menu Activated: Edit | Move | Move Objects Up
Currently highlighted: 
    Parameter 'DCVoltage' on node spiceparts:Pulse{ic}['Pulse@0']
    Parameter 'DelayTime' on node spiceparts:Pulse{ic}['Pulse@0']
    Parameter 'FallTime' on node spiceparts:Pulse{ic}['Pulse@0']
    Parameter 'InitialVoltage' on node spiceparts:Pulse{ic}['Pulse@0']
    Parameter 'Period' on node spiceparts:Pulse{ic}['Pulse@0']
    Parameter 'PulseVoltage' on node spiceparts:Pulse{ic}['Pulse@0']
    Parameter 'PulseWidth' on node spiceparts:Pulse{ic}['Pulse@0']
    Parameter 'RiseTime' on node spiceparts:Pulse{ic}['Pulse@0']
    com.sun.electric.tool.user.HighlightEOBJ in cell 'simulacion_completa{sch}': Ground['gnd@0']
    com.sun.electric.tool.user.HighlightEOBJ in cell 'simulacion_completa{sch}': Wire_Pin['pin@0']
    com.sun.electric.tool.user.HighlightEOBJ in cell 'simulacion_completa{sch}': spiceparts:Pulse{ic}['Pulse@0']
    com.sun.electric.tool.user.HighlightEOBJ in cell 'simulacion_completa{sch}': wire['net@0']
    com.sun.electric.tool.user.HighlightEOBJ in cell 'simulacion_completa{sch}': wire['net@2']
--------------- 51 --------------
  Thu Dec 28 16:05:44 ART 2023
Menu Activated: Edit | Move | Move Objects Up
Currently highlighted: 
    Parameter 'DCVoltage' on node spiceparts:Pulse{ic}['Pulse@0']
    Parameter 'DelayTime' on node spiceparts:Pulse{ic}['Pulse@0']
    Parameter 'FallTime' on node spiceparts:Pulse{ic}['Pulse@0']
    Parameter 'InitialVoltage' on node spiceparts:Pulse{ic}['Pulse@0']
    Parameter 'Period' on node spiceparts:Pulse{ic}['Pulse@0']
    Parameter 'PulseVoltage' on node spiceparts:Pulse{ic}['Pulse@0']
    Parameter 'PulseWidth' on node spiceparts:Pulse{ic}['Pulse@0']
    Parameter 'RiseTime' on node spiceparts:Pulse{ic}['Pulse@0']
    com.sun.electric.tool.user.HighlightEOBJ in cell 'simulacion_completa{sch}': Ground['gnd@0']
    com.sun.electric.tool.user.HighlightEOBJ in cell 'simulacion_completa{sch}': Wire_Pin['pin@0']
    com.sun.electric.tool.user.HighlightEOBJ in cell 'simulacion_completa{sch}': spiceparts:Pulse{ic}['Pulse@0']
    com.sun.electric.tool.user.HighlightEOBJ in cell 'simulacion_completa{sch}': wire['net@0']
    com.sun.electric.tool.user.HighlightEOBJ in cell 'simulacion_completa{sch}': wire['net@2']
--------------- 52 --------------
  Thu Dec 28 16:05:51 ART 2023
ProcessKeyBinding 401 when=1703790351675 modifiers=80 code=11 char=ffff false false
--------------- 53 --------------
  Thu Dec 28 16:05:51 ART 2023
Menu Activated: Edit | Copy
Currently highlighted: 
    Parameter 'DCVoltage' on node spiceparts:Pulse{ic}['Pulse@0']
    Parameter 'DelayTime' on node spiceparts:Pulse{ic}['Pulse@0']
    Parameter 'FallTime' on node spiceparts:Pulse{ic}['Pulse@0']
    Parameter 'InitialVoltage' on node spiceparts:Pulse{ic}['Pulse@0']
    Parameter 'Period' on node spiceparts:Pulse{ic}['Pulse@0']
    Parameter 'PulseVoltage' on node spiceparts:Pulse{ic}['Pulse@0']
    Parameter 'PulseWidth' on node spiceparts:Pulse{ic}['Pulse@0']
    Parameter 'RiseTime' on node spiceparts:Pulse{ic}['Pulse@0']
    com.sun.electric.tool.user.HighlightEOBJ in cell 'simulacion_completa{sch}': Ground['gnd@0']
    com.sun.electric.tool.user.HighlightEOBJ in cell 'simulacion_completa{sch}': spiceparts:Pulse{ic}['Pulse@0']
    com.sun.electric.tool.user.HighlightEOBJ in cell 'simulacion_completa{sch}': wire['net@0']
    com.sun.electric.tool.user.HighlightEOBJ in cell 'simulacion_completa{sch}': wire['net@2']
--------------- 54 --------------
  Thu Dec 28 16:05:51 ART 2023
ProcessKeyBinding 400 when=1703790351769 modifiers=80 code=0 char=3 false false
--------------- 55 --------------
  Thu Dec 28 16:05:51 ART 2023
ProcessKeyBinding 402 when=1703790351879 modifiers=0 code=11 char=ffff false false
--------------- 56 --------------
  Thu Dec 28 16:05:52 ART 2023
ProcessKeyBinding 401 when=1703790352425 modifiers=80 code=11 char=ffff false false
--------------- 57 --------------
  Thu Dec 28 16:05:52 ART 2023
Menu Activated: Edit | Paste
--------------- 58 --------------
  Thu Dec 28 16:05:52 ART 2023
ProcessKeyBinding 400 when=1703790352504 modifiers=80 code=0 char=16 false false
--------------- 59 --------------
  Thu Dec 28 16:05:52 ART 2023
ProcessKeyBinding 402 when=1703790352597 modifiers=0 code=11 char=ffff false false
--------------- 60 --------------
  Thu Dec 28 16:06:25 ART 2023
ProcessKeyBinding 401 when=1703790385910 modifiers=200 code=12 char=ffff false false
--------------- 61 --------------
  Thu Dec 28 16:06:26 ART 2023
ProcessKeyBinding 402 when=1703790386004 modifiers=0 code=12 char=ffff false false
--------------- 62 --------------
  Thu Dec 28 16:08:18 ART 2023
ProcessKeyBinding 401 when=1703790498972 modifiers=80 code=11 char=ffff false false
--------------- 63 --------------
  Thu Dec 28 16:08:20 ART 2023
ProcessKeyBinding 402 when=1703790500425 modifiers=0 code=11 char=ffff false false
--------------- 64 --------------
  Thu Dec 28 16:08:23 ART 2023
ProcessKeyBinding 401 when=1703790503191 modifiers=80 code=11 char=ffff false false
--------------- 65 --------------
  Thu Dec 28 16:08:23 ART 2023
ProcessKeyBinding 402 when=1703790503394 modifiers=0 code=11 char=ffff false false
--------------- 66 --------------
  Thu Dec 28 16:09:07 ART 2023
ProcessKeyBinding 401 when=1703790547066 modifiers=200 code=12 char=ffff false false
--------------- 67 --------------
  Thu Dec 28 16:09:07 ART 2023
ProcessKeyBinding 402 when=1703790547175 modifiers=0 code=12 char=ffff false false
--------------- 68 --------------
  Thu Dec 28 16:09:08 ART 2023
ProcessKeyBinding 401 when=1703790548222 modifiers=80 code=11 char=ffff false false
--------------- 69 --------------
  Thu Dec 28 16:09:08 ART 2023
ProcessKeyBinding 402 when=1703790548410 modifiers=0 code=11 char=ffff false false
--------------- 70 --------------
  Thu Dec 28 16:09:08 ART 2023
ProcessKeyBinding 401 when=1703790548629 modifiers=200 code=12 char=ffff false false
--------------- 71 --------------
  Thu Dec 28 16:09:08 ART 2023
ProcessKeyBinding 402 when=1703790548707 modifiers=0 code=12 char=ffff false false
--------------- 72 --------------
  Thu Dec 28 16:45:01 ART 2023
ProcessKeyBinding 401 when=1703792701254 modifiers=80 code=11 char=ffff false false
--------------- 73 --------------
  Thu Dec 28 16:45:02 ART 2023
ProcessKeyBinding 402 when=1703792702472 modifiers=0 code=11 char=ffff false false
--------------- 74 --------------
  Thu Dec 28 16:45:56 ART 2023
Menu Activated: Cell | Expand Cell Instances | All the Way
Currently highlighted: 
    Export 'Q1'
    Export 'Q13'
    Export 'Q14'
    Export 'Q10'
    Export 'Q9'
    Export 'Q8'
    Export 'SR_CLK'
    Export 'Q11'
    Export 'Q12'
    Export 'Q0'
    Export 'Q2'
    Export 'Q3'
    Export 'Q4'
    Export 'Q7'
    Export 'vdd'
    Export 'ACK'
    Export 'Q6'
    Export 'Q5'
    com.sun.electric.tool.user.HighlightEOBJ in cell 'proy_final{lay}': Metal-1-Metal-2-Con['contact@3']
    com.sun.electric.tool.user.HighlightEOBJ in cell 'proy_final{lay}': Metal-1-Pin['pin@4']
    com.sun.electric.tool.user.HighlightEOBJ in cell 'proy_final{lay}': Metal-2-Pin['pin@7']
    com.sun.electric.tool.user.HighlightEOBJ in cell 'proy_final{lay}': Metal-1-Metal-2-Con['contact@7']
    com.sun.electric.tool.user.HighlightEOBJ in cell 'proy_final{lay}': Metal-2-Pin['pin@1']
    com.sun.electric.tool.user.HighlightEOBJ in cell 'proy_final{lay}': Metal-1-Metal-2-Con['contact@1']
    com.sun.electric.tool.user.HighlightEOBJ in cell 'proy_final{lay}': Polysilicon-1-Pin['pin@2']
    com.sun.electric.tool.user.HighlightEOBJ in cell 'proy_final{lay}': Metal-1-Polysilicon-1-Con['contact@0']
    com.sun.electric.tool.user.HighlightEOBJ in cell 'proy_final{lay}': Metal-1-Metal-2-Con['contact@6']
    com.sun.electric.tool.user.HighlightEOBJ in cell 'proy_final{lay}': Metal-1-Metal-2-Con['contact@2']
    com.sun.electric.tool.user.HighlightEOBJ in cell 'proy_final{lay}': r16bOK{lay}['r16b@0']
    com.sun.electric.tool.user.HighlightEOBJ in cell 'proy_final{lay}': logic_CONTROL{lay}['logic_CO@0']
    com.sun.electric.tool.user.HighlightEOBJ in cell 'proy_final{lay}': Metal-2['net@18']
    com.sun.electric.tool.user.HighlightEOBJ in cell 'proy_final{lay}': Metal-2['net@10']
    com.sun.electric.tool.user.HighlightEOBJ in cell 'proy_final{lay}': Metal-1['net@9']
    com.sun.electric.tool.user.HighlightEOBJ in cell 'proy_final{lay}': Metal-1['net@8']
    com.sun.electric.tool.user.HighlightEOBJ in cell 'proy_final{lay}': Metal-1['net@16']
    com.sun.electric.tool.user.HighlightEOBJ in cell 'proy_final{lay}': Metal-1['net@0']
    com.sun.electric.tool.user.HighlightEOBJ in cell 'proy_final{lay}': Polysilicon-1['net@4']
    com.sun.electric.tool.user.HighlightEOBJ in cell 'proy_final{lay}': Metal-2['net@7']
    com.sun.electric.tool.user.HighlightEOBJ in cell 'proy_final{lay}': Metal-1['net@11']
    com.sun.electric.tool.user.HighlightEOBJ in cell 'proy_final{lay}': Polysilicon-1['net@5']
    com.sun.electric.tool.user.HighlightEOBJ in cell 'proy_final{lay}': Metal-2['net@3']
    com.sun.electric.tool.user.HighlightEOBJ in cell 'proy_final{lay}': Metal-2['net@2']
    com.sun.electric.tool.user.HighlightEOBJ in cell 'proy_final{lay}': Metal-2['net@17']
    com.sun.electric.tool.user.HighlightEOBJ in cell 'proy_final{lay}': Metal-1['net@21']
--------------- 75 --------------
  Thu Dec 28 16:45:56 ART 2023
ProcessKeyBinding 400 when=1703792756816 modifiers=0 code=0 char=61(a) false false
--------------- 76 --------------
  Thu Dec 28 16:45:56 ART 2023
ProcessKeyBinding 402 when=1703792756879 modifiers=0 code=41 char=61(a) false false
--------------- 77 --------------
  Thu Dec 28 16:46:04 ART 2023
ProcessKeyBinding 401 when=1703792764972 modifiers=40 code=10 char=ffff false false
--------------- 78 --------------
  Thu Dec 28 16:46:05 ART 2023
ProcessKeyBinding 402 when=1703792765504 modifiers=0 code=10 char=ffff false false
--------------- 79 --------------
  Thu Dec 28 16:46:05 ART 2023
ProcessKeyBinding 401 when=1703792765644 modifiers=80 code=11 char=ffff false false
--------------- 80 --------------
  Thu Dec 28 16:46:05 ART 2023
ProcessKeyBinding 402 when=1703792765879 modifiers=0 code=11 char=ffff false false
--------------- 81 --------------
  Thu Dec 28 16:46:08 ART 2023
ProcessKeyBinding 401 when=1703792768738 modifiers=80 code=11 char=ffff false false
--------------- 82 --------------
  Thu Dec 28 16:46:09 ART 2023
ProcessKeyBinding 402 when=1703792769644 modifiers=0 code=11 char=ffff false false
--------------- 83 --------------
  Thu Dec 28 16:46:16 ART 2023
ProcessKeyBinding 401 when=1703792776816 modifiers=200 code=12 char=ffff false false
--------------- 84 --------------
  Thu Dec 28 16:46:16 ART 2023
ProcessKeyBinding 402 when=1703792776941 modifiers=0 code=12 char=ffff false false
